mode: set
github.com/jochasinga/req/requests/proxy.go:18.38,20.16 2 0
github.com/jochasinga/req/requests/proxy.go:25.2,25.10 1 0
github.com/jochasinga/req/requests/proxy.go:20.16,21.57 1 0
github.com/jochasinga/req/requests/proxy.go:21.57,22.71 1 0
github.com/jochasinga/req/requests/proxy.go:28.92,33.50 1 0
github.com/jochasinga/req/requests/proxy.go:33.50,37.6 3 0
github.com/jochasinga/req/requests/proxy.go:44.83,48.2 3 0
github.com/jochasinga/req/requests/requests.go:19.22,21.2 1 1
github.com/jochasinga/req/requests/requests.go:23.69,26.16 2 1
github.com/jochasinga/req/requests/requests.go:30.2,31.16 2 1
github.com/jochasinga/req/requests/requests.go:35.2,36.21 2 1
github.com/jochasinga/req/requests/requests.go:26.16,28.3 1 0
github.com/jochasinga/req/requests/requests.go:31.16,33.3 1 0
github.com/jochasinga/req/requests/requests.go:39.84,42.16 2 1
github.com/jochasinga/req/requests/requests.go:46.2,51.16 4 1
github.com/jochasinga/req/requests/requests.go:55.2,57.55 2 1
github.com/jochasinga/req/requests/requests.go:61.2,61.39 1 1
github.com/jochasinga/req/requests/requests.go:69.2,70.16 2 1
github.com/jochasinga/req/requests/requests.go:74.2,74.17 1 1
github.com/jochasinga/req/requests/requests.go:42.16,44.3 1 0
github.com/jochasinga/req/requests/requests.go:51.16,53.3 1 0
github.com/jochasinga/req/requests/requests.go:57.55,59.3 1 0
github.com/jochasinga/req/requests/requests.go:61.39,63.10 2 1
github.com/jochasinga/req/requests/requests.go:66.3,66.29 1 1
github.com/jochasinga/req/requests/requests.go:63.10,65.4 1 0
github.com/jochasinga/req/requests/requests.go:70.16,72.3 1 0
github.com/jochasinga/req/requests/requests.go:77.117,79.16 2 1
github.com/jochasinga/req/requests/requests.go:83.2,88.16 4 1
github.com/jochasinga/req/requests/requests.go:92.2,94.55 2 1
github.com/jochasinga/req/requests/requests.go:98.2,98.39 1 1
github.com/jochasinga/req/requests/requests.go:106.2,110.39 3 1
github.com/jochasinga/req/requests/requests.go:119.2,119.21 1 1
github.com/jochasinga/req/requests/requests.go:79.16,81.3 1 0
github.com/jochasinga/req/requests/requests.go:88.16,90.3 1 0
github.com/jochasinga/req/requests/requests.go:94.55,96.3 1 0
github.com/jochasinga/req/requests/requests.go:98.39,100.10 2 1
github.com/jochasinga/req/requests/requests.go:103.3,103.29 1 1
github.com/jochasinga/req/requests/requests.go:100.10,102.4 1 0
github.com/jochasinga/req/requests/requests.go:110.39,112.17 2 1
github.com/jochasinga/req/requests/requests.go:115.3,116.13 2 1
github.com/jochasinga/req/requests/requests.go:112.17,114.4 1 1
github.com/jochasinga/req/requests/requests.go:122.89,125.16 2 0
github.com/jochasinga/req/requests/requests.go:129.2,132.16 3 0
github.com/jochasinga/req/requests/requests.go:136.2,136.17 1 0
github.com/jochasinga/req/requests/requests.go:125.16,127.3 1 0
github.com/jochasinga/req/requests/requests.go:132.16,134.3 1 0
